0 info it worked if it ends with ok
1 verbose cli [ 'node', '/usr/local/bin/npm', 'link', 'buster' ]
2 info using npm@1.3.2
3 info using node@v0.10.13
4 info /my/tmp/2013-07-21/node_modules/buster unbuild
5 verbose link symlinking /usr/local/lib/node_modules/buster to /my/tmp/2013-07-21/node_modules/buster
6 info build /my/tmp/2013-07-21/node_modules/buster
7 info preinstall buster@0.6.12
8 verbose linkStuff [ false, false, false, '/my/tmp/2013-07-21/node_modules' ]
9 info linkStuff buster@0.6.12
10 verbose linkBins buster@0.6.12
11 verbose link bins [ { buster: './bin/buster',
11 verbose link bins     'buster-test': './bin/buster-test',
11 verbose link bins     'buster-server': './bin/buster-server',
11 verbose link bins     'buster-autotest': './bin/buster-autotest',
11 verbose link bins     'buster-static': './bin/buster-static' },
11 verbose link bins   '/my/tmp/2013-07-21/node_modules/.bin',
11 verbose link bins   false ]
12 verbose linkMans buster@0.6.12
13 verbose rebuildBundles buster@0.6.12
14 verbose rebuildBundles [ '.bin',
14 verbose rebuildBundles   'buster-assertions',
14 verbose rebuildBundles   'buster-autotest',
14 verbose rebuildBundles   'buster-core',
14 verbose rebuildBundles   'buster-evented-logger',
14 verbose rebuildBundles   'buster-format',
14 verbose rebuildBundles   'buster-server-cli',
14 verbose rebuildBundles   'buster-sinon',
14 verbose rebuildBundles   'buster-static',
14 verbose rebuildBundles   'buster-syntax',
14 verbose rebuildBundles   'buster-test',
14 verbose rebuildBundles   'buster-test-cli',
14 verbose rebuildBundles   'sinon',
14 verbose rebuildBundles   'when' ]
15 error Error: EPERM, chmod '/my/tmp/2013-07-21/node_modules/buster/bin/buster-test'
15 error  { [Error: EPERM, chmod '/my/tmp/2013-07-21/node_modules/buster/bin/buster-test']
15 error   errno: 50,
15 error   code: 'EPERM',
15 error   path: '/my/tmp/2013-07-21/node_modules/buster/bin/buster-test' }
16 error Please try running this command again as root/Administrator.
17 error System Darwin 11.4.2
18 error command "node" "/usr/local/bin/npm" "link" "buster"
19 error cwd /my/tmp/2013-07-21/js/mymonad
20 error node -v v0.10.13
21 error npm -v 1.3.2
22 error path /my/tmp/2013-07-21/node_modules/buster/bin/buster-test
23 error code EPERM
24 error errno 50
25 error stack Error: EPERM, chmod '/my/tmp/2013-07-21/node_modules/buster/bin/buster-test'
26 verbose exit [ 50, true ]
